2016-11-26 17:03:44,836 [Worker-9] INFO  o.e.m.c.i.l.LifecycleMappingFactory - Using NULL lifecycle mapping for MavenProject: tr.com.derin.java:altyapi:0.0.1-SNAPSHOT @ C:\Users\CPU\mvn-repo\altyapi\pom.xml.
2016-11-26 17:03:46,195 [Worker-9] INFO  o.e.m.c.i.l.LifecycleMappingFactory - Using org.eclipse.m2e.jdt.JarLifecycleMapping lifecycle mapping for MavenProject: tr.com.derin.java:dao:0.0.1-SNAPSHOT @ C:\Users\CPU\mvn-repo\dao\pom.xml.
2016-11-26 17:03:53,559 [Worker-7] WARN  o.e.m.c.i.embedder.EclipseLogger - Using platform encoding (Cp1254 actually) to copy filtered resources, i.e. build is platform dependent!
2016-11-26 17:03:53,570 [Worker-7] INFO  o.e.m.c.i.embedder.EclipseLogger - Copying 1 resource
2016-11-26 17:03:53,585 [Worker-7] WARN  o.e.m.c.i.embedder.EclipseLogger - Using platform encoding (Cp1254 actually) to copy filtered resources, i.e. build is platform dependent!
2016-11-26 17:03:53,586 [Worker-7] INFO  o.e.m.c.i.embedder.EclipseLogger - Copying 0 resource
2016-11-26 17:03:55,259 [Worker-15] WARN  o.e.m.c.i.embedder.EclipseLogger - Using platform encoding (Cp1254 actually) to copy filtered resources, i.e. build is platform dependent!
2016-11-26 17:03:55,269 [Worker-15] INFO  o.e.m.c.i.embedder.EclipseLogger - Copying 1 resource
2016-11-26 17:03:55,273 [Worker-15] WARN  o.e.m.c.i.embedder.EclipseLogger - Using platform encoding (Cp1254 actually) to copy filtered resources, i.e. build is platform dependent!
2016-11-26 17:03:55,276 [Worker-15] INFO  o.e.m.c.i.embedder.EclipseLogger - Copying 0 resource
2016-11-26 17:03:56,067 [Worker-15] INFO  o.e.m.c.i.l.LifecycleMappingFactory - Using org.eclipse.m2e.jdt.JarLifecycleMapping lifecycle mapping for MavenProject: tr.com.derin.java:domain:0.0.1-SNAPSHOT @ C:\Users\CPU\mvn-repo\domain\pom.xml.
2016-11-26 17:03:56,113 [Worker-15] INFO  o.e.m.c.i.l.LifecycleMappingFactory - Using org.eclipse.m2e.jdt.JarLifecycleMapping lifecycle mapping for MavenProject: tr.com.derin.java:dao:0.0.1-SNAPSHOT @ C:\Users\CPU\mvn-repo\dao\pom.xml.
2016-11-26 17:03:57,327 [Worker-15] WARN  o.e.m.c.i.embedder.EclipseLogger - Using platform encoding (Cp1254 actually) to copy filtered resources, i.e. build is platform dependent!
2016-11-26 17:03:57,329 [Worker-15] INFO  o.e.m.c.i.embedder.EclipseLogger - Copying 0 resource
2016-11-26 17:03:57,375 [Worker-15] WARN  o.e.m.c.i.embedder.EclipseLogger - Using platform encoding (Cp1254 actually) to copy filtered resources, i.e. build is platform dependent!
2016-11-26 17:03:57,376 [Worker-15] INFO  o.e.m.c.i.embedder.EclipseLogger - Copying 0 resource
2016-11-26 17:03:57,574 [Worker-15] INFO  o.e.m.c.i.l.LifecycleMappingFactory - Using org.eclipse.m2e.jdt.JarLifecycleMapping lifecycle mapping for MavenProject: tr.com.derin.java:service:0.0.1-SNAPSHOT @ C:\Users\CPU\mvn-repo\service\pom.xml.
2016-11-26 17:03:57,992 [Worker-15] WARN  o.e.m.c.i.embedder.EclipseLogger - Using platform encoding (Cp1254 actually) to copy filtered resources, i.e. build is platform dependent!
2016-11-26 17:03:57,995 [Worker-15] INFO  o.e.m.c.i.embedder.EclipseLogger - Copying 0 resource
2016-11-26 17:03:57,998 [Worker-15] WARN  o.e.m.c.i.embedder.EclipseLogger - Using platform encoding (Cp1254 actually) to copy filtered resources, i.e. build is platform dependent!
2016-11-26 17:03:58,002 [Worker-15] INFO  o.e.m.c.i.embedder.EclipseLogger - Copying 0 resource
2016-11-26 17:03:58,565 [Worker-12] WARN  o.e.m.c.i.embedder.EclipseLogger - Using platform encoding (Cp1254 actually) to copy filtered resources, i.e. build is platform dependent!
2016-11-26 17:03:58,567 [Worker-12] INFO  o.e.m.c.i.embedder.EclipseLogger - Copying 0 resource
2016-11-26 17:03:58,573 [Worker-12] WARN  o.e.m.c.i.embedder.EclipseLogger - Using platform encoding (Cp1254 actually) to copy filtered resources, i.e. build is platform dependent!
2016-11-26 17:03:58,582 [Worker-12] INFO  o.e.m.c.i.embedder.EclipseLogger - Copying 0 resource
2016-11-26 17:03:58,938 [Worker-12] WARN  o.e.m.c.i.embedder.EclipseLogger - Using platform encoding (Cp1254 actually) to copy filtered resources, i.e. build is platform dependent!
2016-11-26 17:03:58,944 [Worker-12] INFO  o.e.m.c.i.embedder.EclipseLogger - Copying 1 resource
2016-11-26 17:03:58,949 [Worker-12] WARN  o.e.m.c.i.embedder.EclipseLogger - Using platform encoding (Cp1254 actually) to copy filtered resources, i.e. build is platform dependent!
2016-11-26 17:03:58,951 [Worker-12] INFO  o.e.m.c.i.embedder.EclipseLogger - Copying 0 resource
2016-11-26 17:03:59,303 [Worker-12] WARN  o.e.m.c.i.embedder.EclipseLogger - Using platform encoding (Cp1254 actually) to copy filtered resources, i.e. build is platform dependent!
2016-11-26 17:03:59,307 [Worker-12] INFO  o.e.m.c.i.embedder.EclipseLogger - Copying 0 resource
2016-11-26 17:03:59,319 [Worker-12] WARN  o.e.m.c.i.embedder.EclipseLogger - Using platform encoding (Cp1254 actually) to copy filtered resources, i.e. build is platform dependent!
2016-11-26 17:03:59,322 [Worker-12] INFO  o.e.m.c.i.embedder.EclipseLogger - Copying 0 resource
2016-11-26 17:03:59,467 [Worker-12] INFO  o.e.m.c.i.l.LifecycleMappingFactory - Using org.eclipse.m2e.jdt.JarLifecycleMapping lifecycle mapping for MavenProject: tr.com.derin.java:util:0.0.1-SNAPSHOT @ C:\Users\CPU\mvn-repo\util\pom.xml.
2016-11-26 17:03:59,511 [Worker-12] INFO  o.e.m.c.i.l.LifecycleMappingFactory - Using org.eclipse.m2e.jdt.JarLifecycleMapping lifecycle mapping for MavenProject: tr.com.derin.java:dao:0.0.1-SNAPSHOT @ C:\Users\CPU\mvn-repo\dao\pom.xml.
2016-11-26 17:03:59,648 [Worker-12] INFO  o.e.m.c.i.l.LifecycleMappingFactory - Using org.eclipse.m2e.jdt.JarLifecycleMapping lifecycle mapping for MavenProject: tr.com.derin.java:service:0.0.1-SNAPSHOT @ C:\Users\CPU\mvn-repo\service\pom.xml.
2016-11-26 17:04:00,269 [Worker-12] WARN  o.e.m.c.i.embedder.EclipseLogger - Using platform encoding (Cp1254 actually) to copy filtered resources, i.e. build is platform dependent!
2016-11-26 17:04:00,275 [Worker-12] INFO  o.e.m.c.i.embedder.EclipseLogger - Copying 0 resource
2016-11-26 17:04:00,282 [Worker-12] WARN  o.e.m.c.i.embedder.EclipseLogger - Using platform encoding (Cp1254 actually) to copy filtered resources, i.e. build is platform dependent!
2016-11-26 17:04:00,283 [Worker-12] INFO  o.e.m.c.i.embedder.EclipseLogger - Copying 0 resource
2016-11-26 17:04:01,049 [Worker-12] INFO  o.e.m.c.i.l.LifecycleMappingFactory - Using org.maven.ide.eclipse.wtp.WarLifecycleMapping lifecycle mapping for MavenProject: tr.com.derin.java:view:0.0.1-SNAPSHOT @ C:\Users\CPU\mvn-repo\view\pom.xml.
2016-11-26 17:04:03,588 [Worker-12] WARN  o.e.m.c.i.embedder.EclipseLogger - Using platform encoding (Cp1254 actually) to copy filtered resources, i.e. build is platform dependent!
2016-11-26 17:04:03,591 [Worker-12] INFO  o.e.m.c.i.embedder.EclipseLogger - Copying 0 resource
2016-11-26 17:04:03,594 [Worker-12] WARN  o.e.m.c.i.embedder.EclipseLogger - Using platform encoding (Cp1254 actually) to copy filtered resources, i.e. build is platform dependent!
2016-11-26 17:04:03,596 [Worker-12] INFO  o.e.m.c.i.embedder.EclipseLogger - Copying 0 resource
2016-11-26 17:04:04,060 [Worker-3] WARN  o.e.m.c.i.embedder.EclipseLogger - Using platform encoding (Cp1254 actually) to copy filtered resources, i.e. build is platform dependent!
2016-11-26 17:04:04,062 [Worker-3] INFO  o.e.m.c.i.embedder.EclipseLogger - Copying 1 resource
2016-11-26 17:04:04,074 [Worker-3] WARN  o.e.m.c.i.embedder.EclipseLogger - Using platform encoding (Cp1254 actually) to copy filtered resources, i.e. build is platform dependent!
2016-11-26 17:04:04,075 [Worker-3] INFO  o.e.m.c.i.embedder.EclipseLogger - Copying 0 resource
2016-11-26 17:04:04,142 [Worker-3] WARN  o.e.m.c.i.embedder.EclipseLogger - Using platform encoding (Cp1254 actually) to copy filtered resources, i.e. build is platform dependent!
2016-11-26 17:04:04,144 [Worker-3] INFO  o.e.m.c.i.embedder.EclipseLogger - Copying 0 resource
2016-11-26 17:04:04,146 [Worker-3] WARN  o.e.m.c.i.embedder.EclipseLogger - Using platform encoding (Cp1254 actually) to copy filtered resources, i.e. build is platform dependent!
2016-11-26 17:04:04,148 [Worker-3] INFO  o.e.m.c.i.embedder.EclipseLogger - Copying 0 resource
2016-11-26 17:04:04,261 [Worker-3] WARN  o.e.m.c.i.embedder.EclipseLogger - Using platform encoding (Cp1254 actually) to copy filtered resources, i.e. build is platform dependent!
2016-11-26 17:04:04,262 [Worker-3] INFO  o.e.m.c.i.embedder.EclipseLogger - Copying 0 resource
2016-11-26 17:04:04,264 [Worker-3] WARN  o.e.m.c.i.embedder.EclipseLogger - Using platform encoding (Cp1254 actually) to copy filtered resources, i.e. build is platform dependent!
2016-11-26 17:04:04,266 [Worker-3] INFO  o.e.m.c.i.embedder.EclipseLogger - Copying 0 resource
2016-11-26 17:04:33,372 [Worker-11] WARN  o.e.m.c.i.embedder.EclipseLogger - Using platform encoding (Cp1254 actually) to copy filtered resources, i.e. build is platform dependent!
2016-11-26 17:04:33,374 [Worker-11] INFO  o.e.m.c.i.embedder.EclipseLogger - Copying 1 resource
2016-11-26 17:04:33,377 [Worker-11] WARN  o.e.m.c.i.embedder.EclipseLogger - Using platform encoding (Cp1254 actually) to copy filtered resources, i.e. build is platform dependent!
2016-11-26 17:04:33,378 [Worker-11] INFO  o.e.m.c.i.embedder.EclipseLogger - Copying 0 resource
2016-11-26 17:04:33,424 [Worker-11] WARN  o.e.m.c.i.embedder.EclipseLogger - Using platform encoding (Cp1254 actually) to copy filtered resources, i.e. build is platform dependent!
2016-11-26 17:04:33,425 [Worker-11] INFO  o.e.m.c.i.embedder.EclipseLogger - Copying 0 resource
2016-11-26 17:04:33,428 [Worker-11] WARN  o.e.m.c.i.embedder.EclipseLogger - Using platform encoding (Cp1254 actually) to copy filtered resources, i.e. build is platform dependent!
2016-11-26 17:04:33,431 [Worker-11] INFO  o.e.m.c.i.embedder.EclipseLogger - Copying 0 resource
2016-11-26 17:04:33,537 [Worker-11] WARN  o.e.m.c.i.embedder.EclipseLogger - Using platform encoding (Cp1254 actually) to copy filtered resources, i.e. build is platform dependent!
2016-11-26 17:04:33,540 [Worker-11] INFO  o.e.m.c.i.embedder.EclipseLogger - Copying 0 resource
2016-11-26 17:04:33,542 [Worker-11] WARN  o.e.m.c.i.embedder.EclipseLogger - Using platform encoding (Cp1254 actually) to copy filtered resources, i.e. build is platform dependent!
2016-11-26 17:04:33,543 [Worker-11] INFO  o.e.m.c.i.embedder.EclipseLogger - Copying 0 resource
